2014/07/01 01:00:57 [error] [exception.CHttpException.404] exception 'CHttpException' with message 'The system is unable to find the requested action "contact;".' in C:\xampp\htdocs\yii\framework\web\CController.php:483
Stack trace:
#0 C:\xampp\htdocs\yii\framework\web\CController.php(270): CController->missingAction('contact;')
#1 C:\xampp\htdocs\yii\framework\web\CWebApplication.php(282): CController->run('contact;')
#2 C:\xampp\htdocs\yii\framework\web\CWebApplication.php(141): CWebApplication->runController('site/contact;')
#3 C:\xampp\htdocs\yii\framework\base\CApplication.php(180): CWebApplication->processRequest()
#4 C:\Users\Gene\Documents\sysadd-mi121\apc-sysadd1-mi121-03\trunk\practice\yii_bloc_kadano_GeneAnthony\myblog\index.php(13): CApplication->run()
#5 {main}
REQUEST_URI=/myblog/index.php?r=site/contact;
---
2014/07/01 01:01:02 [error] [exception.CHttpException.404] exception 'CHttpException' with message 'The system is unable to find the requested action "contact;".' in C:\xampp\htdocs\yii\framework\web\CController.php:483
Stack trace:
#0 C:\xampp\htdocs\yii\framework\web\CController.php(270): CController->missingAction('contact;')
#1 C:\xampp\htdocs\yii\framework\web\CWebApplication.php(282): CController->run('contact;')
#2 C:\xampp\htdocs\yii\framework\web\CWebApplication.php(141): CWebApplication->runController('site/contact;')
#3 C:\xampp\htdocs\yii\framework\base\CApplication.php(180): CWebApplication->processRequest()
#4 C:\Users\Gene\Documents\sysadd-mi121\apc-sysadd1-mi121-03\trunk\practice\yii_bloc_kadano_GeneAnthony\myblog\index.php(13): CApplication->run()
#5 {main}
REQUEST_URI=/myblog/index.php?r=site/contact;
---
2014/07/01 01:24:45 [error] [exception.CHttpException.404] exception 'CHttpException' with message 'Unable to find the code you requested.' in C:\xampp\htdocs\yii\framework\gii\CCodeGenerator.php:90
Stack trace:
#0 C:\xampp\htdocs\yii\framework\web\actions\CInlineAction.php(49): CCodeGenerator->actionCode()
#1 C:\xampp\htdocs\yii\framework\web\CController.php(308): CInlineAction->runWithParams(Array)
#2 C:\xampp\htdocs\yii\framework\web\CController.php(286): CController->runAction(Object(CInlineAction))
#3 C:\xampp\htdocs\yii\framework\web\CController.php(265): CController->runActionWithFilters(Object(CInlineAction), Array)
#4 C:\xampp\htdocs\yii\framework\web\CWebApplication.php(282): CController->run('code')
#5 C:\xampp\htdocs\yii\framework\web\CWebApplication.php(141): CWebApplication->runController('gii/model/code')
#6 C:\xampp\htdocs\yii\framework\base\CApplication.php(180): CWebApplication->processRequest()
#7 C:\Users\Gene\Documents\sysadd-mi121\apc-sysadd1-mi121-03\trunk\practice\yii_bloc_kadano_GeneAnthony\myblog\index.php(13): CApplication->run()
#8 {main}
REQUEST_URI=/myblog/index.php?r=gii/model/code&id=0
HTTP_REFERER=http://localhost/myblog/index.php?r=gii/model/index
---
2014/07/10 19:33:23 [error] [system.db.CDbCommand] CDbCommand::fetchAll() failed: SQLSTATE[42S02]: Base table or view not found: 1146 Table 'myblog.margodparents' doesn't exist. The SQL statement executed was: SHOW FULL COLUMNS FROM `margodparents`.
in C:\Users\Gene\Documents\sysadd-mi121\apc-sysadd1-mi121-03\trunk\practice\yii_bloc_kadano_GeneAnthony\myblog\index.php (13)
2014/07/10 19:33:29 [error] [system.db.CDbCommand] CDbCommand::fetchAll() failed: SQLSTATE[42S02]: Base table or view not found: 1146 Table 'myblog.margodparents' doesn't exist. The SQL statement executed was: SHOW FULL COLUMNS FROM `margodparents`.
in C:\Users\Gene\Documents\sysadd-mi121\apc-sysadd1-mi121-03\trunk\practice\yii_bloc_kadano_GeneAnthony\myblog\index.php (13)
2014/07/22 00:16:10 [error] [php] include(User.php): failed to open stream: No such file or directory (C:\xampp\htdocs\yii\framework\YiiBase.php:427)
Stack trace:
#0 C:\Users\Gene\Documents\sysadd1-mi121\apc-sysadd1-mi121-03\trunk\practice\yii_bloc_kadano_GeneAnthony\myblog\protected\components\UserIdentity.php(23): spl_autoload_call()
#1 C:\Users\Gene\Documents\sysadd1-mi121\apc-sysadd1-mi121-03\trunk\practice\yii_bloc_kadano_GeneAnthony\myblog\protected\models\LoginForm.php(52): UserIdentity->authenticate()
#2 C:\xampp\htdocs\yii\framework\validators\CInlineValidator.php(42): LoginForm->authenticate()
#3 C:\xampp\htdocs\yii\framework\validators\CValidator.php(213): CInlineValidator->validateAttribute()
#4 C:\xampp\htdocs\yii\framework\base\CModel.php(159): CInlineValidator->validate()
#5 C:\Users\Gene\Documents\sysadd1-mi121\apc-sysadd1-mi121-03\trunk\practice\yii_bloc_kadano_GeneAnthony\myblog\protected\controllers\SiteController.php(94): LoginForm->validate()
#6 C:\xampp\htdocs\yii\framework\web\actions\CInlineAction.php(49): SiteController->actionLogin()
#7 C:\xampp\htdocs\yii\framework\web\CController.php(308): CInlineAction->runWithParams()
#8 C:\xampp\htdocs\yii\framework\web\CController.php(286): SiteController->runAction()
#9 C:\xampp\htdocs\yii\framework\web\CController.php(265): SiteController->runActionWithFilters()
#10 C:\xampp\htdocs\yii\framework\web\CWebApplication.php(282): SiteController->run()
#11 C:\xampp\htdocs\yii\framework\web\CWebApplication.php(141): CWebApplication->runController()
#12 C:\xampp\htdocs\yii\framework\base\CApplication.php(180): CWebApplication->processRequest()
#13 C:\Users\Gene\Documents\sysadd1-mi121\apc-sysadd1-mi121-03\trunk\practice\yii_bloc_kadano_GeneAnthony\myblog\index.php(13): CWebApplication->run()
REQUEST_URI=/myblog/index.php?r=site/login
in C:\Users\Gene\Documents\sysadd1-mi121\apc-sysadd1-mi121-03\trunk\practice\yii_bloc_kadano_GeneAnthony\myblog\protected\components\UserIdentity.php (23)
in C:\Users\Gene\Documents\sysadd1-mi121\apc-sysadd1-mi121-03\trunk\practice\yii_bloc_kadano_GeneAnthony\myblog\protected\models\LoginForm.php (52)
in C:\Users\Gene\Documents\sysadd1-mi121\apc-sysadd1-mi121-03\trunk\practice\yii_bloc_kadano_GeneAnthony\myblog\protected\controllers\SiteController.php (94)
2014/07/22 00:20:37 [error] [php] Undefined variable: options (C:\Users\Gene\Documents\sysadd1-mi121\apc-sysadd1-mi121-03\trunk\practice\yii_bloc_kadano_GeneAnthony\myblog\protected\views\tblUser\_form.php:24)
Stack trace:
#0 C:\xampp\htdocs\yii\framework\web\CController.php(869): TblUserController->renderFile()
#1 C:\Users\Gene\Documents\sysadd1-mi121\apc-sysadd1-mi121-03\trunk\practice\yii_bloc_kadano_GeneAnthony\myblog\protected\views\tblUser\create.php(18): TblUserController->renderPartial()
#2 C:\xampp\htdocs\yii\framework\web\CBaseController.php(126): require()
#3 C:\xampp\htdocs\yii\framework\web\CBaseController.php(95): TblUserController->renderInternal()
#4 C:\xampp\htdocs\yii\framework\web\CController.php(869): TblUserController->renderFile()
#5 C:\xampp\htdocs\yii\framework\web\CController.php(782): TblUserController->renderPartial()
#6 C:\Users\Gene\Documents\sysadd1-mi121\apc-sysadd1-mi121-03\trunk\practice\yii_bloc_kadano_GeneAnthony\myblog\protected\controllers\TblUserController.php(79): TblUserController->render()
#7 C:\xampp\htdocs\yii\framework\web\actions\CInlineAction.php(49): TblUserController->actionCreate()
#8 C:\xampp\htdocs\yii\framework\web\CController.php(308): CInlineAction->runWithParams()
#9 C:\xampp\htdocs\yii\framework\web\filters\CFilterChain.php(133): TblUserController->runAction()
#10 C:\xampp\htdocs\yii\framework\web\filters\CFilter.php(40): CFilterChain->run()
#11 C:\xampp\htdocs\yii\framework\web\CController.php(1145): CAccessControlFilter->filter()
#12 C:\xampp\htdocs\yii\framework\web\filters\CInlineFilter.php(58): TblUserController->filterAccessControl()
#13 C:\xampp\htdocs\yii\framework\web\filters\CFilterChain.php(130): CInlineFilter->filter()
#14 C:\xampp\htdocs\yii\framework\web\CController.php(291): CFilterChain->run()
#15 C:\xampp\htdocs\yii\framework\web\CController.php(265): TblUserController->runActionWithFilters()
#16 C:\xampp\htdocs\yii\framework\web\CWebApplication.php(282): TblUserController->run()
#17 C:\xampp\htdocs\yii\framework\web\CWebApplication.php(141): CWebApplication->runController()
#18 C:\xampp\htdocs\yii\framework\base\CApplication.php(180): CWebApplication->processRequest()
#19 C:\Users\Gene\Documents\sysadd1-mi121\apc-sysadd1-mi121-03\trunk\practice\yii_bloc_kadano_GeneAnthony\myblog\index.php(13): CWebApplication->run()
REQUEST_URI=/myblog/index.php?r=tblUser/create
in C:\Users\Gene\Documents\sysadd1-mi121\apc-sysadd1-mi121-03\trunk\practice\yii_bloc_kadano_GeneAnthony\myblog\protected\views\tblUser\_form.php (24)
in C:\Users\Gene\Documents\sysadd1-mi121\apc-sysadd1-mi121-03\trunk\practice\yii_bloc_kadano_GeneAnthony\myblog\protected\views\tblUser\create.php (18)
in C:\Users\Gene\Documents\sysadd1-mi121\apc-sysadd1-mi121-03\trunk\practice\yii_bloc_kadano_GeneAnthony\myblog\protected\controllers\TblUserController.php (79)
2014/07/22 00:21:43 [error] [php] password_hash() expects parameter 1 to be string, object given (C:\Users\Gene\Documents\sysadd1-mi121\apc-sysadd1-mi121-03\trunk\practice\yii_bloc_kadano_GeneAnthony\myblog\protected\views\tblUser\_form.php:30)
Stack trace:
#0 C:\xampp\htdocs\yii\framework\web\CBaseController.php(95): TblUserController->renderInternal()
#1 C:\xampp\htdocs\yii\framework\web\CController.php(869): TblUserController->renderFile()
#2 C:\Users\Gene\Documents\sysadd1-mi121\apc-sysadd1-mi121-03\trunk\practice\yii_bloc_kadano_GeneAnthony\myblog\protected\views\tblUser\create.php(18): TblUserController->renderPartial()
#3 C:\xampp\htdocs\yii\framework\web\CBaseController.php(126): require()
#4 C:\xampp\htdocs\yii\framework\web\CBaseController.php(95): TblUserController->renderInternal()
#5 C:\xampp\htdocs\yii\framework\web\CController.php(869): TblUserController->renderFile()
#6 C:\xampp\htdocs\yii\framework\web\CController.php(782): TblUserController->renderPartial()
#7 C:\Users\Gene\Documents\sysadd1-mi121\apc-sysadd1-mi121-03\trunk\practice\yii_bloc_kadano_GeneAnthony\myblog\protected\controllers\TblUserController.php(79): TblUserController->render()
#8 C:\xampp\htdocs\yii\framework\web\actions\CInlineAction.php(49): TblUserController->actionCreate()
#9 C:\xampp\htdocs\yii\framework\web\CController.php(308): CInlineAction->runWithParams()
#10 C:\xampp\htdocs\yii\framework\web\filters\CFilterChain.php(133): TblUserController->runAction()
#11 C:\xampp\htdocs\yii\framework\web\filters\CFilter.php(40): CFilterChain->run()
#12 C:\xampp\htdocs\yii\framework\web\CController.php(1145): CAccessControlFilter->filter()
#13 C:\xampp\htdocs\yii\framework\web\filters\CInlineFilter.php(58): TblUserController->filterAccessControl()
#14 C:\xampp\htdocs\yii\framework\web\filters\CFilterChain.php(130): CInlineFilter->filter()
#15 C:\xampp\htdocs\yii\framework\web\CController.php(291): CFilterChain->run()
#16 C:\xampp\htdocs\yii\framework\web\CController.php(265): TblUserController->runActionWithFilters()
#17 C:\xampp\htdocs\yii\framework\web\CWebApplication.php(282): TblUserController->run()
#18 C:\xampp\htdocs\yii\framework\web\CWebApplication.php(141): CWebApplication->runController()
#19 C:\xampp\htdocs\yii\framework\base\CApplication.php(180): CWebApplication->processRequest()
#20 C:\Users\Gene\Documents\sysadd1-mi121\apc-sysadd1-mi121-03\trunk\practice\yii_bloc_kadano_GeneAnthony\myblog\index.php(13): CWebApplication->run()
REQUEST_URI=/myblog/index.php?r=tblUser/create
in C:\Users\Gene\Documents\sysadd1-mi121\apc-sysadd1-mi121-03\trunk\practice\yii_bloc_kadano_GeneAnthony\myblog\protected\views\tblUser\_form.php (30)
in C:\Users\Gene\Documents\sysadd1-mi121\apc-sysadd1-mi121-03\trunk\practice\yii_bloc_kadano_GeneAnthony\myblog\protected\views\tblUser\create.php (18)
in C:\Users\Gene\Documents\sysadd1-mi121\apc-sysadd1-mi121-03\trunk\practice\yii_bloc_kadano_GeneAnthony\myblog\protected\controllers\TblUserController.php (79)
2014/07/22 00:37:25 [error] [php] password_hash() expects parameter 1 to be string, object given (C:\Users\Gene\Documents\sysadd1-mi121\apc-sysadd1-mi121-03\trunk\practice\yii_bloc_kadano_GeneAnthony\myblog\protected\views\tblUser\_form.php:30)
Stack trace:
#0 C:\xampp\htdocs\yii\framework\web\CBaseController.php(95): TblUserController->renderInternal()
#1 C:\xampp\htdocs\yii\framework\web\CController.php(869): TblUserController->renderFile()
#2 C:\Users\Gene\Documents\sysadd1-mi121\apc-sysadd1-mi121-03\trunk\practice\yii_bloc_kadano_GeneAnthony\myblog\protected\views\tblUser\create.php(18): TblUserController->renderPartial()
#3 C:\xampp\htdocs\yii\framework\web\CBaseController.php(126): require()
#4 C:\xampp\htdocs\yii\framework\web\CBaseController.php(95): TblUserController->renderInternal()
#5 C:\xampp\htdocs\yii\framework\web\CController.php(869): TblUserController->renderFile()
#6 C:\xampp\htdocs\yii\framework\web\CController.php(782): TblUserController->renderPartial()
#7 C:\Users\Gene\Documents\sysadd1-mi121\apc-sysadd1-mi121-03\trunk\practice\yii_bloc_kadano_GeneAnthony\myblog\protected\controllers\TblUserController.php(79): TblUserController->render()
#8 C:\xampp\htdocs\yii\framework\web\actions\CInlineAction.php(49): TblUserController->actionCreate()
#9 C:\xampp\htdocs\yii\framework\web\CController.php(308): CInlineAction->runWithParams()
#10 C:\xampp\htdocs\yii\framework\web\filters\CFilterChain.php(133): TblUserController->runAction()
#11 C:\xampp\htdocs\yii\framework\web\filters\CFilter.php(40): CFilterChain->run()
#12 C:\xampp\htdocs\yii\framework\web\CController.php(1145): CAccessControlFilter->filter()
#13 C:\xampp\htdocs\yii\framework\web\filters\CInlineFilter.php(58): TblUserController->filterAccessControl()
#14 C:\xampp\htdocs\yii\framework\web\filters\CFilterChain.php(130): CInlineFilter->filter()
#15 C:\xampp\htdocs\yii\framework\web\CController.php(291): CFilterChain->run()
#16 C:\xampp\htdocs\yii\framework\web\CController.php(265): TblUserController->runActionWithFilters()
#17 C:\xampp\htdocs\yii\framework\web\CWebApplication.php(282): TblUserController->run()
#18 C:\xampp\htdocs\yii\framework\web\CWebApplication.php(141): CWebApplication->runController()
#19 C:\xampp\htdocs\yii\framework\base\CApplication.php(180): CWebApplication->processRequest()
#20 C:\Users\Gene\Documents\sysadd1-mi121\apc-sysadd1-mi121-03\trunk\practice\yii_bloc_kadano_GeneAnthony\myblog\index.php(13): CWebApplication->run()
REQUEST_URI=/myblog/index.php?r=tblUser/create
in C:\Users\Gene\Documents\sysadd1-mi121\apc-sysadd1-mi121-03\trunk\practice\yii_bloc_kadano_GeneAnthony\myblog\protected\views\tblUser\_form.php (30)
in C:\Users\Gene\Documents\sysadd1-mi121\apc-sysadd1-mi121-03\trunk\practice\yii_bloc_kadano_GeneAnthony\myblog\protected\views\tblUser\create.php (18)
in C:\Users\Gene\Documents\sysadd1-mi121\apc-sysadd1-mi121-03\trunk\practice\yii_bloc_kadano_GeneAnthony\myblog\protected\controllers\TblUserController.php (79)
