2014/07/21 19:47:29 [error] [exception.CHttpException.404] exception 'CHttpException' with message 'Unable to resolve the request "index.php".' in C:\xampp\htdocs\yii\framework\web\CWebApplication.php:286
Stack trace:
#0 C:\xampp\htdocs\yii\framework\web\CWebApplication.php(141): CWebApplication->runController('index.php')
#1 C:\xampp\htdocs\yii\framework\base\CApplication.php(180): CWebApplication->processRequest()
#2 C:\Users\Gene\Documents\sysadd1-mi121\apc-sysadd1-mi121-03\trunk\application\mopccss\index.php(13): CApplication->run()
#3 {main}
REQUEST_URI=/mopccss/index.php?r=index.php
---
2014/07/21 20:03:48 [error] [exception.CHttpException.404] exception 'CHttpException' with message 'Unable to resolve the request "index.php".' in C:\xampp\htdocs\yii\framework\web\CWebApplication.php:286
Stack trace:
#0 C:\xampp\htdocs\yii\framework\web\CWebApplication.php(141): CWebApplication->runController('index.php')
#1 C:\xampp\htdocs\yii\framework\base\CApplication.php(180): CWebApplication->processRequest()
#2 C:\Users\Gene\Documents\sysadd1-mi121\apc-sysadd1-mi121-03\trunk\application\mopccss\index.php(13): CApplication->run()
#3 {main}
REQUEST_URI=/mopccss/index.php?r=index.php
---
2014/07/21 20:06:23 [error] [exception.CHttpException.404] exception 'CHttpException' with message 'Unable to resolve the request "Baptismal".' in C:\xampp\htdocs\yii\framework\web\CWebApplication.php:286
Stack trace:
#0 C:\xampp\htdocs\yii\framework\web\CWebApplication.php(141): CWebApplication->runController('Baptismal')
#1 C:\xampp\htdocs\yii\framework\base\CApplication.php(180): CWebApplication->processRequest()
#2 C:\Users\Gene\Documents\sysadd1-mi121\apc-sysadd1-mi121-03\trunk\application\mopccss\index.php(13): CApplication->run()
#3 {main}
REQUEST_URI=/mopccss/index.php?r=Baptismal
---
2014/07/21 23:43:33 [error] [exception.CHttpException.404] exception 'CHttpException' with message 'Unable to resolve the request "Church".' in C:\xampp\htdocs\yii\framework\web\CWebApplication.php:286
Stack trace:
#0 C:\xampp\htdocs\yii\framework\web\CWebApplication.php(141): CWebApplication->runController('Church')
#1 C:\xampp\htdocs\yii\framework\base\CApplication.php(180): CWebApplication->processRequest()
#2 C:\Users\Gene\Documents\sysadd1-mi121\apc-sysadd1-mi121-03\trunk\application\mopccss\index.php(13): CApplication->run()
#3 {main}
REQUEST_URI=/mopccss/index.php?r=Church
---
2014/08/07 10:42:34 [error] [exception.CHttpException.404] exception 'CHttpException' with message 'Unable to resolve the request "views/baptismal".' in C:\xampp\htdocs\yii\framework\web\CWebApplication.php:286
Stack trace:
#0 C:\xampp\htdocs\yii\framework\web\CWebApplication.php(141): CWebApplication->runController('views/baptismal')
#1 C:\xampp\htdocs\yii\framework\base\CApplication.php(180): CWebApplication->processRequest()
#2 C:\Users\student\Documents\sysadd-mi121\apc-sysadd1-mi121-03\trunk\application\mopccss\index.php(13): CApplication->run()
#3 {main}
REQUEST_URI=/mopccss/index.php?r=views/baptismal
HTTP_REFERER=http://localhost/mopccss/index.php?r=site/index
---
2014/08/07 10:42:36 [error] [exception.CHttpException.404] exception 'CHttpException' with message 'Unable to resolve the request "views/confirmation".' in C:\xampp\htdocs\yii\framework\web\CWebApplication.php:286
Stack trace:
#0 C:\xampp\htdocs\yii\framework\web\CWebApplication.php(141): CWebApplication->runController('views/confirmat...')
#1 C:\xampp\htdocs\yii\framework\base\CApplication.php(180): CWebApplication->processRequest()
#2 C:\Users\student\Documents\sysadd-mi121\apc-sysadd1-mi121-03\trunk\application\mopccss\index.php(13): CApplication->run()
#3 {main}
REQUEST_URI=/mopccss/index.php?r=views/confirmation
HTTP_REFERER=http://localhost/mopccss/index.php?r=views/baptismal
---
2014/08/07 10:42:36 [error] [exception.CHttpException.404] exception 'CHttpException' with message 'Unable to resolve the request "views/baptismal".' in C:\xampp\htdocs\yii\framework\web\CWebApplication.php:286
Stack trace:
#0 C:\xampp\htdocs\yii\framework\web\CWebApplication.php(141): CWebApplication->runController('views/baptismal')
#1 C:\xampp\htdocs\yii\framework\base\CApplication.php(180): CWebApplication->processRequest()
#2 C:\Users\student\Documents\sysadd-mi121\apc-sysadd1-mi121-03\trunk\application\mopccss\index.php(13): CApplication->run()
#3 {main}
REQUEST_URI=/mopccss/index.php?r=views/baptismal
HTTP_REFERER=http://localhost/mopccss/index.php?r=views/confirmation
---
2014/08/07 10:42:37 [error] [exception.CHttpException.404] exception 'CHttpException' with message 'Unable to resolve the request "views/baptismal".' in C:\xampp\htdocs\yii\framework\web\CWebApplication.php:286
Stack trace:
#0 C:\xampp\htdocs\yii\framework\web\CWebApplication.php(141): CWebApplication->runController('views/baptismal')
#1 C:\xampp\htdocs\yii\framework\base\CApplication.php(180): CWebApplication->processRequest()
#2 C:\Users\student\Documents\sysadd-mi121\apc-sysadd1-mi121-03\trunk\application\mopccss\index.php(13): CApplication->run()
#3 {main}
REQUEST_URI=/mopccss/index.php?r=views/baptismal
HTTP_REFERER=http://localhost/mopccss/index.php?r=site/contact
---
2014/08/07 10:42:37 [error] [exception.CHttpException.404] exception 'CHttpException' with message 'Unable to resolve the request "views/confirmation".' in C:\xampp\htdocs\yii\framework\web\CWebApplication.php:286
Stack trace:
#0 C:\xampp\htdocs\yii\framework\web\CWebApplication.php(141): CWebApplication->runController('views/confirmat...')
#1 C:\xampp\htdocs\yii\framework\base\CApplication.php(180): CWebApplication->processRequest()
#2 C:\Users\student\Documents\sysadd-mi121\apc-sysadd1-mi121-03\trunk\application\mopccss\index.php(13): CApplication->run()
#3 {main}
REQUEST_URI=/mopccss/index.php?r=views/confirmation
HTTP_REFERER=http://localhost/mopccss/index.php?r=views/baptismal
---
2014/08/07 10:42:38 [error] [exception.CHttpException.404] exception 'CHttpException' with message 'Unable to resolve the request "views/baptismal".' in C:\xampp\htdocs\yii\framework\web\CWebApplication.php:286
Stack trace:
#0 C:\xampp\htdocs\yii\framework\web\CWebApplication.php(141): CWebApplication->runController('views/baptismal')
#1 C:\xampp\htdocs\yii\framework\base\CApplication.php(180): CWebApplication->processRequest()
#2 C:\Users\student\Documents\sysadd-mi121\apc-sysadd1-mi121-03\trunk\application\mopccss\index.php(13): CApplication->run()
#3 {main}
REQUEST_URI=/mopccss/index.php?r=views/baptismal
HTTP_REFERER=http://localhost/mopccss/index.php?r=views/confirmation
---
2014/08/07 10:42:55 [error] [exception.CHttpException.404] exception 'CHttpException' with message 'Unable to resolve the request "views/baptismal".' in C:\xampp\htdocs\yii\framework\web\CWebApplication.php:286
Stack trace:
#0 C:\xampp\htdocs\yii\framework\web\CWebApplication.php(141): CWebApplication->runController('views/baptismal')
#1 C:\xampp\htdocs\yii\framework\base\CApplication.php(180): CWebApplication->processRequest()
#2 C:\Users\student\Documents\sysadd-mi121\apc-sysadd1-mi121-03\trunk\application\mopccss\index.php(13): CApplication->run()
#3 {main}
REQUEST_URI=/mopccss/index.php?r=views/baptismal
HTTP_REFERER=http://localhost/mopccss/index.php?r=site/contact
---
2014/08/07 10:42:55 [error] [exception.CHttpException.404] exception 'CHttpException' with message 'Unable to resolve the request "views/confirmation".' in C:\xampp\htdocs\yii\framework\web\CWebApplication.php:286
Stack trace:
#0 C:\xampp\htdocs\yii\framework\web\CWebApplication.php(141): CWebApplication->runController('views/confirmat...')
#1 C:\xampp\htdocs\yii\framework\base\CApplication.php(180): CWebApplication->processRequest()
#2 C:\Users\student\Documents\sysadd-mi121\apc-sysadd1-mi121-03\trunk\application\mopccss\index.php(13): CApplication->run()
#3 {main}
REQUEST_URI=/mopccss/index.php?r=views/confirmation
HTTP_REFERER=http://localhost/mopccss/index.php?r=views/baptismal
---
2014/08/07 10:42:56 [error] [exception.CHttpException.404] exception 'CHttpException' with message 'Unable to resolve the request "views/marriage".' in C:\xampp\htdocs\yii\framework\web\CWebApplication.php:286
Stack trace:
#0 C:\xampp\htdocs\yii\framework\web\CWebApplication.php(141): CWebApplication->runController('views/marriage')
#1 C:\xampp\htdocs\yii\framework\base\CApplication.php(180): CWebApplication->processRequest()
#2 C:\Users\student\Documents\sysadd-mi121\apc-sysadd1-mi121-03\trunk\application\mopccss\index.php(13): CApplication->run()
#3 {main}
REQUEST_URI=/mopccss/index.php?r=views/marriage
HTTP_REFERER=http://localhost/mopccss/index.php?r=views/confirmation
---
2014/08/07 10:42:56 [error] [exception.CHttpException.404] exception 'CHttpException' with message 'Unable to resolve the request "views/baptismal".' in C:\xampp\htdocs\yii\framework\web\CWebApplication.php:286
Stack trace:
#0 C:\xampp\htdocs\yii\framework\web\CWebApplication.php(141): CWebApplication->runController('views/baptismal')
#1 C:\xampp\htdocs\yii\framework\base\CApplication.php(180): CWebApplication->processRequest()
#2 C:\Users\student\Documents\sysadd-mi121\apc-sysadd1-mi121-03\trunk\application\mopccss\index.php(13): CApplication->run()
#3 {main}
REQUEST_URI=/mopccss/index.php?r=views/baptismal
HTTP_REFERER=http://localhost/mopccss/index.php?r=views/marriage
---
2014/08/07 10:42:57 [error] [exception.CHttpException.404] exception 'CHttpException' with message 'Unable to resolve the request "views/confirmation".' in C:\xampp\htdocs\yii\framework\web\CWebApplication.php:286
Stack trace:
#0 C:\xampp\htdocs\yii\framework\web\CWebApplication.php(141): CWebApplication->runController('views/confirmat...')
#1 C:\xampp\htdocs\yii\framework\base\CApplication.php(180): CWebApplication->processRequest()
#2 C:\Users\student\Documents\sysadd-mi121\apc-sysadd1-mi121-03\trunk\application\mopccss\index.php(13): CApplication->run()
#3 {main}
REQUEST_URI=/mopccss/index.php?r=views/confirmation
HTTP_REFERER=http://localhost/mopccss/index.php?r=views/baptismal
---
2014/08/07 10:42:57 [error] [exception.CHttpException.404] exception 'CHttpException' with message 'Unable to resolve the request "views/marriage".' in C:\xampp\htdocs\yii\framework\web\CWebApplication.php:286
Stack trace:
#0 C:\xampp\htdocs\yii\framework\web\CWebApplication.php(141): CWebApplication->runController('views/marriage')
#1 C:\xampp\htdocs\yii\framework\base\CApplication.php(180): CWebApplication->processRequest()
#2 C:\Users\student\Documents\sysadd-mi121\apc-sysadd1-mi121-03\trunk\application\mopccss\index.php(13): CApplication->run()
#3 {main}
REQUEST_URI=/mopccss/index.php?r=views/marriage
HTTP_REFERER=http://localhost/mopccss/index.php?r=views/confirmation
---
2014/08/07 10:43:00 [error] [exception.CHttpException.404] exception 'CHttpException' with message 'Unable to resolve the request "views/baptismal".' in C:\xampp\htdocs\yii\framework\web\CWebApplication.php:286
Stack trace:
#0 C:\xampp\htdocs\yii\framework\web\CWebApplication.php(141): CWebApplication->runController('views/baptismal')
#1 C:\xampp\htdocs\yii\framework\base\CApplication.php(180): CWebApplication->processRequest()
#2 C:\Users\student\Documents\sysadd-mi121\apc-sysadd1-mi121-03\trunk\application\mopccss\index.php(13): CApplication->run()
#3 {main}
REQUEST_URI=/mopccss/index.php?r=views/baptismal
HTTP_REFERER=http://localhost/mopccss/index.php?r=views/marriage
---
2014/08/07 10:43:06 [error] [exception.CHttpException.404] exception 'CHttpException' with message 'Unable to resolve the request "views/baptismal".' in C:\xampp\htdocs\yii\framework\web\CWebApplication.php:286
Stack trace:
#0 C:\xampp\htdocs\yii\framework\web\CWebApplication.php(141): CWebApplication->runController('views/baptismal')
#1 C:\xampp\htdocs\yii\framework\base\CApplication.php(180): CWebApplication->processRequest()
#2 C:\Users\student\Documents\sysadd-mi121\apc-sysadd1-mi121-03\trunk\application\mopccss\index.php(13): CApplication->run()
#3 {main}
REQUEST_URI=/mopccss/index.php?r=views/baptismal
HTTP_REFERER=http://localhost/mopccss/index.php?r=views/baptismal
---
2014/08/07 10:43:06 [error] [exception.CHttpException.404] exception 'CHttpException' with message 'Unable to resolve the request "views/confirmation".' in C:\xampp\htdocs\yii\framework\web\CWebApplication.php:286
Stack trace:
#0 C:\xampp\htdocs\yii\framework\web\CWebApplication.php(141): CWebApplication->runController('views/confirmat...')
#1 C:\xampp\htdocs\yii\framework\base\CApplication.php(180): CWebApplication->processRequest()
#2 C:\Users\student\Documents\sysadd-mi121\apc-sysadd1-mi121-03\trunk\application\mopccss\index.php(13): CApplication->run()
#3 {main}
REQUEST_URI=/mopccss/index.php?r=views/confirmation
HTTP_REFERER=http://localhost/mopccss/index.php?r=views/baptismal
---
2014/08/07 10:43:07 [error] [exception.CHttpException.404] exception 'CHttpException' with message 'Unable to resolve the request "views/marriage".' in C:\xampp\htdocs\yii\framework\web\CWebApplication.php:286
Stack trace:
#0 C:\xampp\htdocs\yii\framework\web\CWebApplication.php(141): CWebApplication->runController('views/marriage')
#1 C:\xampp\htdocs\yii\framework\base\CApplication.php(180): CWebApplication->processRequest()
#2 C:\Users\student\Documents\sysadd-mi121\apc-sysadd1-mi121-03\trunk\application\mopccss\index.php(13): CApplication->run()
#3 {main}
REQUEST_URI=/mopccss/index.php?r=views/marriage
HTTP_REFERER=http://localhost/mopccss/index.php?r=views/confirmation
---
2014/08/07 10:43:07 [error] [exception.CHttpException.404] exception 'CHttpException' with message 'Unable to resolve the request "views/baptismal".' in C:\xampp\htdocs\yii\framework\web\CWebApplication.php:286
Stack trace:
#0 C:\xampp\htdocs\yii\framework\web\CWebApplication.php(141): CWebApplication->runController('views/baptismal')
#1 C:\xampp\htdocs\yii\framework\base\CApplication.php(180): CWebApplication->processRequest()
#2 C:\Users\student\Documents\sysadd-mi121\apc-sysadd1-mi121-03\trunk\application\mopccss\index.php(13): CApplication->run()
#3 {main}
REQUEST_URI=/mopccss/index.php?r=views/baptismal
HTTP_REFERER=http://localhost/mopccss/index.php?r=views/marriage
---
2014/08/07 10:43:11 [error] [exception.CHttpException.404] exception 'CHttpException' with message 'Unable to resolve the request "views/baptismal".' in C:\xampp\htdocs\yii\framework\web\CWebApplication.php:286
Stack trace:
#0 C:\xampp\htdocs\yii\framework\web\CWebApplication.php(141): CWebApplication->runController('views/baptismal')
#1 C:\xampp\htdocs\yii\framework\base\CApplication.php(180): CWebApplication->processRequest()
#2 C:\Users\student\Documents\sysadd-mi121\apc-sysadd1-mi121-03\trunk\application\mopccss\index.php(13): CApplication->run()
#3 {main}
REQUEST_URI=/mopccss/index.php?r=views/baptismal
HTTP_REFERER=http://localhost/mopccss/index.php?r=site/contact
---
2014/08/07 10:43:13 [error] [exception.CHttpException.404] exception 'CHttpException' with message 'Unable to resolve the request "views/confirmation".' in C:\xampp\htdocs\yii\framework\web\CWebApplication.php:286
Stack trace:
#0 C:\xampp\htdocs\yii\framework\web\CWebApplication.php(141): CWebApplication->runController('views/confirmat...')
#1 C:\xampp\htdocs\yii\framework\base\CApplication.php(180): CWebApplication->processRequest()
#2 C:\Users\student\Documents\sysadd-mi121\apc-sysadd1-mi121-03\trunk\application\mopccss\index.php(13): CApplication->run()
#3 {main}
REQUEST_URI=/mopccss/index.php?r=views/confirmation
HTTP_REFERER=http://localhost/mopccss/index.php?r=views/baptismal
---
2014/08/07 10:43:38 [error] [exception.CHttpException.404] exception 'CHttpException' with message 'Unable to resolve the request "views/confirmation".' in C:\xampp\htdocs\yii\framework\web\CWebApplication.php:286
Stack trace:
#0 C:\xampp\htdocs\yii\framework\web\CWebApplication.php(141): CWebApplication->runController('views/confirmat...')
#1 C:\xampp\htdocs\yii\framework\base\CApplication.php(180): CWebApplication->processRequest()
#2 C:\Users\student\Documents\sysadd-mi121\apc-sysadd1-mi121-03\trunk\application\mopccss\index.php(13): CApplication->run()
#3 {main}
REQUEST_URI=/mopccss/index.php?r=views/confirmation
---
2014/08/07 10:43:39 [error] [exception.CHttpException.404] exception 'CHttpException' with message 'Unable to resolve the request "views/baptismal/create".' in C:\xampp\htdocs\yii\framework\web\CWebApplication.php:286
Stack trace:
#0 C:\xampp\htdocs\yii\framework\web\CWebApplication.php(141): CWebApplication->runController('views/baptismal...')
#1 C:\xampp\htdocs\yii\framework\base\CApplication.php(180): CWebApplication->processRequest()
#2 C:\Users\student\Documents\sysadd-mi121\apc-sysadd1-mi121-03\trunk\application\mopccss\index.php(13): CApplication->run()
#3 {main}
REQUEST_URI=/mopccss/index.php?r=views/baptismal/create
HTTP_REFERER=http://localhost/mopccss/index.php?r=views/confirmation
---
2014/08/07 10:43:40 [error] [exception.CHttpException.404] exception 'CHttpException' with message 'Unable to resolve the request "views/baptismal/create".' in C:\xampp\htdocs\yii\framework\web\CWebApplication.php:286
Stack trace:
#0 C:\xampp\htdocs\yii\framework\web\CWebApplication.php(141): CWebApplication->runController('views/baptismal...')
#1 C:\xampp\htdocs\yii\framework\base\CApplication.php(180): CWebApplication->processRequest()
#2 C:\Users\student\Documents\sysadd-mi121\apc-sysadd1-mi121-03\trunk\application\mopccss\index.php(13): CApplication->run()
#3 {main}
REQUEST_URI=/mopccss/index.php?r=views/baptismal/create
HTTP_REFERER=http://localhost/mopccss/index.php?r=views/baptismal/create
---
2014/08/07 10:43:41 [error] [exception.CHttpException.404] exception 'CHttpException' with message 'Unable to resolve the request "views/baptismal/create".' in C:\xampp\htdocs\yii\framework\web\CWebApplication.php:286
Stack trace:
#0 C:\xampp\htdocs\yii\framework\web\CWebApplication.php(141): CWebApplication->runController('views/baptismal...')
#1 C:\xampp\htdocs\yii\framework\base\CApplication.php(180): CWebApplication->processRequest()
#2 C:\Users\student\Documents\sysadd-mi121\apc-sysadd1-mi121-03\trunk\application\mopccss\index.php(13): CApplication->run()
#3 {main}
REQUEST_URI=/mopccss/index.php?r=views/baptismal/create
HTTP_REFERER=http://localhost/mopccss/index.php?r=views/baptismal/create
---
2014/08/07 10:43:43 [error] [exception.CHttpException.404] exception 'CHttpException' with message 'Unable to resolve the request "views/baptismal/create".' in C:\xampp\htdocs\yii\framework\web\CWebApplication.php:286
Stack trace:
#0 C:\xampp\htdocs\yii\framework\web\CWebApplication.php(141): CWebApplication->runController('views/baptismal...')
#1 C:\xampp\htdocs\yii\framework\base\CApplication.php(180): CWebApplication->processRequest()
#2 C:\Users\student\Documents\sysadd-mi121\apc-sysadd1-mi121-03\trunk\application\mopccss\index.php(13): CApplication->run()
#3 {main}
REQUEST_URI=/mopccss/index.php?r=views/baptismal/create
HTTP_REFERER=http://localhost/mopccss/index.php?r=views/baptismal/create
---
2014/08/07 10:44:04 [error] [exception.CHttpException.404] exception 'CHttpException' with message 'Unable to resolve the request "views/baptismal/create".' in C:\xampp\htdocs\yii\framework\web\CWebApplication.php:286
Stack trace:
#0 C:\xampp\htdocs\yii\framework\web\CWebApplication.php(141): CWebApplication->runController('views/baptismal...')
#1 C:\xampp\htdocs\yii\framework\base\CApplication.php(180): CWebApplication->processRequest()
#2 C:\Users\student\Documents\sysadd-mi121\apc-sysadd1-mi121-03\trunk\application\mopccss\index.php(13): CApplication->run()
#3 {main}
REQUEST_URI=/mopccss/index.php?r=views/baptismal/create
---
2014/08/07 10:44:16 [error] [exception.CDbException] exception 'CDbException' with message 'CDbConnection failed to open the DB connection: SQLSTATE[HY000] [1049] Unknown database 'mopccss'' in C:\xampp\htdocs\yii\framework\db\CDbConnection.php:382
Stack trace:
#0 C:\xampp\htdocs\yii\framework\db\CDbConnection.php(330): CDbConnection->open()
#1 C:\xampp\htdocs\yii\framework\db\CDbConnection.php(308): CDbConnection->setActive(true)
#2 C:\xampp\htdocs\yii\framework\base\CModule.php(387): CDbConnection->init()
#3 C:\xampp\htdocs\yii\framework\base\CApplication.php(450): CModule->getComponent('db')
#4 C:\xampp\htdocs\yii\framework\db\ar\CActiveRecord.php(634): CApplication->getDb()
#5 C:\xampp\htdocs\yii\framework\db\ar\CActiveRecord.php(2361): CActiveRecord->getDbConnection()
#6 C:\xampp\htdocs\yii\framework\db\ar\CActiveRecord.php(411): CActiveRecordMetaData->__construct(Object(Baptismal))
#7 C:\xampp\htdocs\yii\framework\db\ar\CActiveRecord.php(79): CActiveRecord->getMetaData()
#8 C:\Users\student\Documents\sysadd-mi121\apc-sysadd1-mi121-03\trunk\application\mopccss\protected\controllers\BaptismalController.php(65): CActiveRecord->__construct()
#9 C:\xampp\htdocs\yii\framework\web\actions\CInlineAction.php(49): BaptismalController->actionCreate()
#10 C:\xampp\htdocs\yii\framework\web\CController.php(308): CInlineAction->runWithParams(Array)
#11 C:\xampp\htdocs\yii\framework\web\filters\CFilterChain.php(133): CController->runAction(Object(CInlineAction))
#12 C:\xampp\htdocs\yii\framework\web\filters\CFilter.php(40): CFilterChain->run()
#13 C:\xampp\htdocs\yii\framework\web\CController.php(1145): CFilter->filter(Object(CFilterChain))
#14 C:\xampp\htdocs\yii\framework\web\filters\CInlineFilter.php(58): CController->filterAccessControl(Object(CFilterChain))
#15 C:\xampp\htdocs\yii\framework\web\filters\CFilterChain.php(130): CInlineFilter->filter(Object(CFilterChain))
#16 C:\xampp\htdocs\yii\framework\web\CController.php(291): CFilterChain->run()
#17 C:\xampp\htdocs\yii\framework\web\CController.php(265): CController->runActionWithFilters(Object(CInlineAction), Array)
#18 C:\xampp\htdocs\yii\framework\web\CWebApplication.php(282): CController->run('create')
#19 C:\xampp\htdocs\yii\framework\web\CWebApplication.php(141): CWebApplication->runController('baptismal/creat...')
#20 C:\xampp\htdocs\yii\framework\base\CApplication.php(180): CWebApplication->processRequest()
#21 C:\Users\student\Documents\sysadd-mi121\apc-sysadd1-mi121-03\trunk\application\mopccss\index.php(13): CApplication->run()
#22 {main}
REQUEST_URI=/mopccss/index.php?r=baptismal/create
HTTP_REFERER=http://localhost/mopccss/index.php?r=site/login
---
2014/08/07 10:44:28 [error] [exception.CDbException] exception 'CDbException' with message 'CDbConnection failed to open the DB connection: SQLSTATE[HY000] [1049] Unknown database 'mopccss'' in C:\xampp\htdocs\yii\framework\db\CDbConnection.php:382
Stack trace:
#0 C:\xampp\htdocs\yii\framework\db\CDbConnection.php(330): CDbConnection->open()
#1 C:\xampp\htdocs\yii\framework\db\CDbConnection.php(308): CDbConnection->setActive(true)
#2 C:\xampp\htdocs\yii\framework\base\CModule.php(387): CDbConnection->init()
#3 C:\xampp\htdocs\yii\framework\base\CApplication.php(450): CModule->getComponent('db')
#4 C:\xampp\htdocs\yii\framework\db\ar\CActiveRecord.php(634): CApplication->getDb()
#5 C:\xampp\htdocs\yii\framework\db\ar\CActiveRecord.php(667): CActiveRecord->getDbConnection()
#6 C:\xampp\htdocs\yii\framework\db\ar\CActiveRecord.php(1595): CActiveRecord->getCommandBuilder()
#7 C:\xampp\htdocs\yii\framework\web\CActiveDataProvider.php(228): CActiveRecord->count(Object(CDbCriteria))
#8 C:\xampp\htdocs\yii\framework\web\CDataProvider.php(224): CActiveDataProvider->calculateTotalItemCount()
#9 C:\xampp\htdocs\yii\framework\web\CActiveDataProvider.php(178): CDataProvider->getTotalItemCount()
#10 C:\xampp\htdocs\yii\framework\web\CDataProvider.php(168): CActiveDataProvider->fetchData()
#11 C:\xampp\htdocs\yii\framework\zii\widgets\CBaseListView.php(111): CDataProvider->getData()
#12 C:\xampp\htdocs\yii\framework\zii\widgets\CListView.php(211): CBaseListView->init()
#13 C:\xampp\htdocs\yii\framework\web\CBaseController.php(147): CListView->init()
#14 C:\xampp\htdocs\yii\framework\web\CBaseController.php(172): CBaseController->createWidget('zii.widgets.CLi...', Array)
#15 C:\Users\student\Documents\sysadd-mi121\apc-sysadd1-mi121-03\trunk\application\mopccss\protected\views\baptismal\index.php(20): CBaseController->widget('zii.widgets.CLi...', Array)
#16 C:\xampp\htdocs\yii\framework\web\CBaseController.php(126): require('C:\Users\studen...')
#17 C:\xampp\htdocs\yii\framework\web\CBaseController.php(95): CBaseController->renderInternal('C:\Users\studen...', Array, true)
#18 C:\xampp\htdocs\yii\framework\web\CController.php(869): CBaseController->renderFile('C:\Users\studen...', Array, true)
#19 C:\xampp\htdocs\yii\framework\web\CController.php(782): CController->renderPartial('index', Array, true)
#20 C:\Users\student\Documents\sysadd-mi121\apc-sysadd1-mi121-03\trunk\application\mopccss\protected\controllers\BaptismalController.php(128): CController->render('index', Array)
#21 C:\xampp\htdocs\yii\framework\web\actions\CInlineAction.php(49): BaptismalController->actionIndex()
#22 C:\xampp\htdocs\yii\framework\web\CController.php(308): CInlineAction->runWithParams(Array)
#23 C:\xampp\htdocs\yii\framework\web\filters\CFilterChain.php(133): CController->runAction(Object(CInlineAction))
#24 C:\xampp\htdocs\yii\framework\web\filters\CFilter.php(40): CFilterChain->run()
#25 C:\xampp\htdocs\yii\framework\web\CController.php(1145): CFilter->filter(Object(CFilterChain))
#26 C:\xampp\htdocs\yii\framework\web\filters\CInlineFilter.php(58): CController->filterAccessControl(Object(CFilterChain))
#27 C:\xampp\htdocs\yii\framework\web\filters\CFilterChain.php(130): CInlineFilter->filter(Object(CFilterChain))
#28 C:\xampp\htdocs\yii\framework\web\CController.php(291): CFilterChain->run()
#29 C:\xampp\htdocs\yii\framework\web\CController.php(265): CController->runActionWithFilters(Object(CInlineAction), Array)
#30 C:\xampp\htdocs\yii\framework\web\CWebApplication.php(282): CController->run('')
#31 C:\xampp\htdocs\yii\framework\web\CWebApplication.php(141): CWebApplication->runController('baptismal')
#32 C:\xampp\htdocs\yii\framework\base\CApplication.php(180): CWebApplication->processRequest()
#33 C:\Users\student\Documents\sysadd-mi121\apc-sysadd1-mi121-03\trunk\application\mopccss\index.php(13): CApplication->run()
#34 {main}
REQUEST_URI=/mopccss/index.php?r=baptismal
---
2014/08/07 10:44:40 [error] [exception.CHttpException.404] exception 'CHttpException' with message 'Unable to resolve the request "gi".' in C:\xampp\htdocs\yii\framework\web\CWebApplication.php:286
Stack trace:
#0 C:\xampp\htdocs\yii\framework\web\CWebApplication.php(141): CWebApplication->runController('gi')
#1 C:\xampp\htdocs\yii\framework\base\CApplication.php(180): CWebApplication->processRequest()
#2 C:\Users\student\Documents\sysadd-mi121\apc-sysadd1-mi121-03\trunk\application\mopccss\index.php(13): CApplication->run()
#3 {main}
REQUEST_URI=/mopccss/index.php?r=gi
---
2014/08/07 10:44:49 [error] [exception.CHttpException.404] exception 'CHttpException' with message 'Unable to resolve the request "gi".' in C:\xampp\htdocs\yii\framework\web\CWebApplication.php:286
Stack trace:
#0 C:\xampp\htdocs\yii\framework\web\CWebApplication.php(141): CWebApplication->runController('gi')
#1 C:\xampp\htdocs\yii\framework\base\CApplication.php(180): CWebApplication->processRequest()
#2 C:\Users\student\Documents\sysadd-mi121\apc-sysadd1-mi121-03\trunk\application\mopccss\index.php(13): CApplication->run()
#3 {main}
REQUEST_URI=/mopccss/index.php?r=gi
---
2014/08/07 10:45:02 [error] [exception.CDbException] exception 'CDbException' with message 'CDbConnection failed to open the DB connection: SQLSTATE[HY000] [1049] Unknown database 'mopccss'' in C:\xampp\htdocs\yii\framework\db\CDbConnection.php:382
Stack trace:
#0 C:\xampp\htdocs\yii\framework\db\CDbConnection.php(330): CDbConnection->open()
#1 C:\xampp\htdocs\yii\framework\db\CDbConnection.php(308): CDbConnection->setActive(true)
#2 C:\xampp\htdocs\yii\framework\base\CModule.php(387): CDbConnection->init()
#3 C:\xampp\htdocs\yii\framework\base\CApplication.php(450): CModule->getComponent('db')
#4 C:\xampp\htdocs\yii\framework\db\ar\CActiveRecord.php(634): CApplication->getDb()
#5 C:\xampp\htdocs\yii\framework\db\ar\CActiveRecord.php(667): CActiveRecord->getDbConnection()
#6 C:\xampp\htdocs\yii\framework\db\ar\CActiveRecord.php(1595): CActiveRecord->getCommandBuilder()
#7 C:\xampp\htdocs\yii\framework\web\CActiveDataProvider.php(228): CActiveRecord->count(Object(CDbCriteria))
#8 C:\xampp\htdocs\yii\framework\web\CDataProvider.php(224): CActiveDataProvider->calculateTotalItemCount()
#9 C:\xampp\htdocs\yii\framework\web\CActiveDataProvider.php(178): CDataProvider->getTotalItemCount()
#10 C:\xampp\htdocs\yii\framework\web\CDataProvider.php(168): CActiveDataProvider->fetchData()
#11 C:\xampp\htdocs\yii\framework\zii\widgets\CBaseListView.php(111): CDataProvider->getData()
#12 C:\xampp\htdocs\yii\framework\zii\widgets\CListView.php(211): CBaseListView->init()
#13 C:\xampp\htdocs\yii\framework\web\CBaseController.php(147): CListView->init()
#14 C:\xampp\htdocs\yii\framework\web\CBaseController.php(172): CBaseController->createWidget('zii.widgets.CLi...', Array)
#15 C:\Users\student\Documents\sysadd-mi121\apc-sysadd1-mi121-03\trunk\application\mopccss\protected\views\confirmation\index.php(20): CBaseController->widget('zii.widgets.CLi...', Array)
#16 C:\xampp\htdocs\yii\framework\web\CBaseController.php(126): require('C:\Users\studen...')
#17 C:\xampp\htdocs\yii\framework\web\CBaseController.php(95): CBaseController->renderInternal('C:\Users\studen...', Array, true)
#18 C:\xampp\htdocs\yii\framework\web\CController.php(869): CBaseController->renderFile('C:\Users\studen...', Array, true)
#19 C:\xampp\htdocs\yii\framework\web\CController.php(782): CController->renderPartial('index', Array, true)
#20 C:\Users\student\Documents\sysadd-mi121\apc-sysadd1-mi121-03\trunk\application\mopccss\protected\controllers\ConfirmationController.php(128): CController->render('index', Array)
#21 C:\xampp\htdocs\yii\framework\web\actions\CInlineAction.php(49): ConfirmationController->actionIndex()
#22 C:\xampp\htdocs\yii\framework\web\CController.php(308): CInlineAction->runWithParams(Array)
#23 C:\xampp\htdocs\yii\framework\web\filters\CFilterChain.php(133): CController->runAction(Object(CInlineAction))
#24 C:\xampp\htdocs\yii\framework\web\filters\CFilter.php(40): CFilterChain->run()
#25 C:\xampp\htdocs\yii\framework\web\CController.php(1145): CFilter->filter(Object(CFilterChain))
#26 C:\xampp\htdocs\yii\framework\web\filters\CInlineFilter.php(58): CController->filterAccessControl(Object(CFilterChain))
#27 C:\xampp\htdocs\yii\framework\web\filters\CFilterChain.php(130): CInlineFilter->filter(Object(CFilterChain))
#28 C:\xampp\htdocs\yii\framework\web\CController.php(291): CFilterChain->run()
#29 C:\xampp\htdocs\yii\framework\web\CController.php(265): CController->runActionWithFilters(Object(CInlineAction), Array)
#30 C:\xampp\htdocs\yii\framework\web\CWebApplication.php(282): CController->run('')
#31 C:\xampp\htdocs\yii\framework\web\CWebApplication.php(141): CWebApplication->runController('confirmation')
#32 C:\xampp\htdocs\yii\framework\base\CApplication.php(180): CWebApplication->processRequest()
#33 C:\Users\student\Documents\sysadd-mi121\apc-sysadd1-mi121-03\trunk\application\mopccss\index.php(13): CApplication->run()
#34 {main}
REQUEST_URI=/mopccss/index.php?r=confirmation
---
2014/08/07 10:45:16 [error] [exception.CHttpException.404] exception 'CHttpException' with message 'Unable to resolve the request "gi".' in C:\xampp\htdocs\yii\framework\web\CWebApplication.php:286
Stack trace:
#0 C:\xampp\htdocs\yii\framework\web\CWebApplication.php(141): CWebApplication->runController('gi')
#1 C:\xampp\htdocs\yii\framework\base\CApplication.php(180): CWebApplication->processRequest()
#2 C:\Users\student\Documents\sysadd-mi121\apc-sysadd1-mi121-03\trunk\application\mopccss\index.php(13): CApplication->run()
#3 {main}
REQUEST_URI=/mopccss/index.php?r=gi
---
2014/08/07 10:45:17 [error] [exception.CDbException] exception 'CDbException' with message 'CDbConnection failed to open the DB connection: SQLSTATE[HY000] [1049] Unknown database 'mopccss'' in C:\xampp\htdocs\yii\framework\db\CDbConnection.php:382
Stack trace:
#0 C:\xampp\htdocs\yii\framework\db\CDbConnection.php(330): CDbConnection->open()
#1 C:\xampp\htdocs\yii\framework\db\CDbConnection.php(308): CDbConnection->setActive(true)
#2 C:\xampp\htdocs\yii\framework\base\CModule.php(387): CDbConnection->init()
#3 C:\xampp\htdocs\yii\framework\base\CApplication.php(450): CModule->getComponent('db')
#4 C:\xampp\htdocs\yii\framework\db\ar\CActiveRecord.php(634): CApplication->getDb()
#5 C:\xampp\htdocs\yii\framework\db\ar\CActiveRecord.php(2361): CActiveRecord->getDbConnection()
#6 C:\xampp\htdocs\yii\framework\db\ar\CActiveRecord.php(411): CActiveRecordMetaData->__construct(Object(Baptismal))
#7 C:\xampp\htdocs\yii\framework\db\ar\CActiveRecord.php(79): CActiveRecord->getMetaData()
#8 C:\Users\student\Documents\sysadd-mi121\apc-sysadd1-mi121-03\trunk\application\mopccss\protected\controllers\BaptismalController.php(65): CActiveRecord->__construct()
#9 C:\xampp\htdocs\yii\framework\web\actions\CInlineAction.php(49): BaptismalController->actionCreate()
#10 C:\xampp\htdocs\yii\framework\web\CController.php(308): CInlineAction->runWithParams(Array)
#11 C:\xampp\htdocs\yii\framework\web\filters\CFilterChain.php(133): CController->runAction(Object(CInlineAction))
#12 C:\xampp\htdocs\yii\framework\web\filters\CFilter.php(40): CFilterChain->run()
#13 C:\xampp\htdocs\yii\framework\web\CController.php(1145): CFilter->filter(Object(CFilterChain))
#14 C:\xampp\htdocs\yii\framework\web\filters\CInlineFilter.php(58): CController->filterAccessControl(Object(CFilterChain))
#15 C:\xampp\htdocs\yii\framework\web\filters\CFilterChain.php(130): CInlineFilter->filter(Object(CFilterChain))
#16 C:\xampp\htdocs\yii\framework\web\CController.php(291): CFilterChain->run()
#17 C:\xampp\htdocs\yii\framework\web\CController.php(265): CController->runActionWithFilters(Object(CInlineAction), Array)
#18 C:\xampp\htdocs\yii\framework\web\CWebApplication.php(282): CController->run('create')
#19 C:\xampp\htdocs\yii\framework\web\CWebApplication.php(141): CWebApplication->runController('baptismal/creat...')
#20 C:\xampp\htdocs\yii\framework\base\CApplication.php(180): CWebApplication->processRequest()
#21 C:\Users\student\Documents\sysadd-mi121\apc-sysadd1-mi121-03\trunk\application\mopccss\index.php(13): CApplication->run()
#22 {main}
REQUEST_URI=/mopccss/index.php?r=baptismal/create
HTTP_REFERER=http://localhost/mopccss/index.php?r=gi
---
2014/08/07 10:46:01 [error] [exception.CHttpException.404] exception 'CHttpException' with message 'Unable to resolve the request "gi".' in C:\xampp\htdocs\yii\framework\web\CWebApplication.php:286
Stack trace:
#0 C:\xampp\htdocs\yii\framework\web\CWebApplication.php(141): CWebApplication->runController('gi')
#1 C:\xampp\htdocs\yii\framework\base\CApplication.php(180): CWebApplication->processRequest()
#2 C:\Users\student\Documents\sysadd-mi121\apc-sysadd1-mi121-03\trunk\application\mopccss\index.php(13): CApplication->run()
#3 {main}
REQUEST_URI=/mopccss/index.php?r=gi
---
2014/08/07 10:46:04 [error] [exception.CDbException] exception 'CDbException' with message 'CDbConnection failed to open the DB connection: SQLSTATE[HY000] [1049] Unknown database 'mopccss'' in C:\xampp\htdocs\yii\framework\db\CDbConnection.php:382
Stack trace:
#0 C:\xampp\htdocs\yii\framework\db\CDbConnection.php(330): CDbConnection->open()
#1 C:\xampp\htdocs\yii\framework\db\CDbConnection.php(308): CDbConnection->setActive(true)
#2 C:\xampp\htdocs\yii\framework\base\CModule.php(387): CDbConnection->init()
#3 C:\xampp\htdocs\yii\framework\base\CApplication.php(450): CModule->getComponent('db')
#4 C:\xampp\htdocs\yii\framework\db\ar\CActiveRecord.php(634): CApplication->getDb()
#5 C:\xampp\htdocs\yii\framework\db\ar\CActiveRecord.php(2361): CActiveRecord->getDbConnection()
#6 C:\xampp\htdocs\yii\framework\db\ar\CActiveRecord.php(411): CActiveRecordMetaData->__construct(Object(Baptismal))
#7 C:\xampp\htdocs\yii\framework\db\ar\CActiveRecord.php(79): CActiveRecord->getMetaData()
#8 C:\Users\student\Documents\sysadd-mi121\apc-sysadd1-mi121-03\trunk\application\mopccss\protected\controllers\BaptismalController.php(65): CActiveRecord->__construct()
#9 C:\xampp\htdocs\yii\framework\web\actions\CInlineAction.php(49): BaptismalController->actionCreate()
#10 C:\xampp\htdocs\yii\framework\web\CController.php(308): CInlineAction->runWithParams(Array)
#11 C:\xampp\htdocs\yii\framework\web\filters\CFilterChain.php(133): CController->runAction(Object(CInlineAction))
#12 C:\xampp\htdocs\yii\framework\web\filters\CFilter.php(40): CFilterChain->run()
#13 C:\xampp\htdocs\yii\framework\web\CController.php(1145): CFilter->filter(Object(CFilterChain))
#14 C:\xampp\htdocs\yii\framework\web\filters\CInlineFilter.php(58): CController->filterAccessControl(Object(CFilterChain))
#15 C:\xampp\htdocs\yii\framework\web\filters\CFilterChain.php(130): CInlineFilter->filter(Object(CFilterChain))
#16 C:\xampp\htdocs\yii\framework\web\CController.php(291): CFilterChain->run()
#17 C:\xampp\htdocs\yii\framework\web\CController.php(265): CController->runActionWithFilters(Object(CInlineAction), Array)
#18 C:\xampp\htdocs\yii\framework\web\CWebApplication.php(282): CController->run('create')
#19 C:\xampp\htdocs\yii\framework\web\CWebApplication.php(141): CWebApplication->runController('baptismal/creat...')
#20 C:\xampp\htdocs\yii\framework\base\CApplication.php(180): CWebApplication->processRequest()
#21 C:\Users\student\Documents\sysadd-mi121\apc-sysadd1-mi121-03\trunk\application\mopccss\index.php(13): CApplication->run()
#22 {main}
REQUEST_URI=/mopccss/index.php?r=baptismal/create
HTTP_REFERER=http://localhost/mopccss/index.php?r=site/contact
---
2014/08/07 10:46:13 [error] [exception.CDbException] exception 'CDbException' with message 'CDbConnection failed to open the DB connection: SQLSTATE[HY000] [1049] Unknown database 'mopccss'' in C:\xampp\htdocs\yii\framework\db\CDbConnection.php:382
Stack trace:
#0 C:\xampp\htdocs\yii\framework\db\CDbConnection.php(330): CDbConnection->open()
#1 C:\xampp\htdocs\yii\framework\db\CDbConnection.php(308): CDbConnection->setActive(true)
#2 C:\xampp\htdocs\yii\framework\base\CModule.php(387): CDbConnection->init()
#3 C:\xampp\htdocs\yii\framework\base\CApplication.php(450): CModule->getComponent('db')
#4 C:\xampp\htdocs\yii\framework\db\ar\CActiveRecord.php(634): CApplication->getDb()
#5 C:\xampp\htdocs\yii\framework\db\ar\CActiveRecord.php(2361): CActiveRecord->getDbConnection()
#6 C:\xampp\htdocs\yii\framework\db\ar\CActiveRecord.php(411): CActiveRecordMetaData->__construct(Object(Baptismal))
#7 C:\xampp\htdocs\yii\framework\db\ar\CActiveRecord.php(79): CActiveRecord->getMetaData()
#8 C:\Users\student\Documents\sysadd-mi121\apc-sysadd1-mi121-03\trunk\application\mopccss\protected\controllers\BaptismalController.php(65): CActiveRecord->__construct()
#9 C:\xampp\htdocs\yii\framework\web\actions\CInlineAction.php(49): BaptismalController->actionCreate()
#10 C:\xampp\htdocs\yii\framework\web\CController.php(308): CInlineAction->runWithParams(Array)
#11 C:\xampp\htdocs\yii\framework\web\filters\CFilterChain.php(133): CController->runAction(Object(CInlineAction))
#12 C:\xampp\htdocs\yii\framework\web\filters\CFilter.php(40): CFilterChain->run()
#13 C:\xampp\htdocs\yii\framework\web\CController.php(1145): CFilter->filter(Object(CFilterChain))
#14 C:\xampp\htdocs\yii\framework\web\filters\CInlineFilter.php(58): CController->filterAccessControl(Object(CFilterChain))
#15 C:\xampp\htdocs\yii\framework\web\filters\CFilterChain.php(130): CInlineFilter->filter(Object(CFilterChain))
#16 C:\xampp\htdocs\yii\framework\web\CController.php(291): CFilterChain->run()
#17 C:\xampp\htdocs\yii\framework\web\CController.php(265): CController->runActionWithFilters(Object(CInlineAction), Array)
#18 C:\xampp\htdocs\yii\framework\web\CWebApplication.php(282): CController->run('create')
#19 C:\xampp\htdocs\yii\framework\web\CWebApplication.php(141): CWebApplication->runController('baptismal/creat...')
#20 C:\xampp\htdocs\yii\framework\base\CApplication.php(180): CWebApplication->processRequest()
#21 C:\Users\student\Documents\sysadd-mi121\apc-sysadd1-mi121-03\trunk\application\mopccss\index.php(13): CApplication->run()
#22 {main}
REQUEST_URI=/mopccss/index.php?r=baptismal/create
HTTP_REFERER=http://localhost/mopccss/index.php?r=site/contact
---
2014/08/07 10:46:17 [error] [exception.CDbException] exception 'CDbException' with message 'CDbConnection failed to open the DB connection: SQLSTATE[HY000] [1049] Unknown database 'mopccss'' in C:\xampp\htdocs\yii\framework\db\CDbConnection.php:382
Stack trace:
#0 C:\xampp\htdocs\yii\framework\db\CDbConnection.php(330): CDbConnection->open()
#1 C:\xampp\htdocs\yii\framework\db\CDbConnection.php(308): CDbConnection->setActive(true)
#2 C:\xampp\htdocs\yii\framework\base\CModule.php(387): CDbConnection->init()
#3 C:\xampp\htdocs\yii\framework\base\CApplication.php(450): CModule->getComponent('db')
#4 C:\xampp\htdocs\yii\framework\db\ar\CActiveRecord.php(634): CApplication->getDb()
#5 C:\xampp\htdocs\yii\framework\db\ar\CActiveRecord.php(2361): CActiveRecord->getDbConnection()
#6 C:\xampp\htdocs\yii\framework\db\ar\CActiveRecord.php(411): CActiveRecordMetaData->__construct(Object(Confirmation))
#7 C:\xampp\htdocs\yii\framework\db\ar\CActiveRecord.php(79): CActiveRecord->getMetaData()
#8 C:\Users\student\Documents\sysadd-mi121\apc-sysadd1-mi121-03\trunk\application\mopccss\protected\controllers\ConfirmationController.php(65): CActiveRecord->__construct()
#9 C:\xampp\htdocs\yii\framework\web\actions\CInlineAction.php(49): ConfirmationController->actionCreate()
#10 C:\xampp\htdocs\yii\framework\web\CController.php(308): CInlineAction->runWithParams(Array)
#11 C:\xampp\htdocs\yii\framework\web\filters\CFilterChain.php(133): CController->runAction(Object(CInlineAction))
#12 C:\xampp\htdocs\yii\framework\web\filters\CFilter.php(40): CFilterChain->run()
#13 C:\xampp\htdocs\yii\framework\web\CController.php(1145): CFilter->filter(Object(CFilterChain))
#14 C:\xampp\htdocs\yii\framework\web\filters\CInlineFilter.php(58): CController->filterAccessControl(Object(CFilterChain))
#15 C:\xampp\htdocs\yii\framework\web\filters\CFilterChain.php(130): CInlineFilter->filter(Object(CFilterChain))
#16 C:\xampp\htdocs\yii\framework\web\CController.php(291): CFilterChain->run()
#17 C:\xampp\htdocs\yii\framework\web\CController.php(265): CController->runActionWithFilters(Object(CInlineAction), Array)
#18 C:\xampp\htdocs\yii\framework\web\CWebApplication.php(282): CController->run('create')
#19 C:\xampp\htdocs\yii\framework\web\CWebApplication.php(141): CWebApplication->runController('confirmation/cr...')
#20 C:\xampp\htdocs\yii\framework\base\CApplication.php(180): CWebApplication->processRequest()
#21 C:\Users\student\Documents\sysadd-mi121\apc-sysadd1-mi121-03\trunk\application\mopccss\index.php(13): CApplication->run()
#22 {main}
REQUEST_URI=/mopccss/index.php?r=confirmation/create
HTTP_REFERER=http://localhost/mopccss/index.php?r=site/contact
---
